<?xml version="1.0" encoding="utf-8"?><testsuites name="pytest tests"><testsuite name="pytest" errors="0" failures="0" skipped="0" tests="22" time="7.199" timestamp="2026-05-30T13:44:00.292851+00:00" hostname="agent-env-3e0cb321-1a2d-4670-b7ab-1ec611d26254"><testcase classname="backend.tests.test_ospitalo_backend.TestHealthAndAuth" name="test_root_endpoint" time="0.327" /><testcase classname="backend.tests.test_ospitalo_backend.TestHealthAndAuth" name="test_auth_me_unauthenticated" time="0.102" /><testcase classname="backend.tests.test_ospitalo_backend.TestHealthAndAuth" name="test_auth_session_invalid" time="0.214" /><testcase classname="backend.tests.test_ospitalo_backend.TestHealthAndAuth" name="test_auth_me_authenticated" time="0.197" /><testcase classname="backend.tests.test_ospitalo_backend.TestPropertiesCRUD" name="test_create_property" time="0.116" /><testcase classname="backend.tests.test_ospitalo_backend.TestPropertiesCRUD" name="test_list_properties" time="0.181" /><testcase classname="backend.tests.test_ospitalo_backend.TestPropertiesCRUD" name="test_get_property" time="0.123" /><testcase classname="backend.tests.test_ospitalo_backend.TestPropertiesCRUD" name="test_update_property" time="0.152" /><testcase classname="backend.tests.test_ospitalo_backend.TestPropertiesCRUD" name="test_get_nonexistent_property" time="0.113" /><testcase classname="backend.tests.test_ospitalo_backend.TestPropertiesCRUD" name="test_properties_unauthorized" time="0.108" /><testcase classname="backend.tests.test_ospitalo_backend.TestOCR" name="test_ocr_document_returns_structured_or_graceful_error" time="0.589" /><testcase classname="backend.tests.test_ospitalo_backend.TestOCR" name="test_ocr_unauthorized" time="0.120" /><testcase classname="backend.tests.test_ospitalo_backend.TestCheckinSubmit" name="test_checkin_submit_test_mode" time="2.104" /><testcase classname="backend.tests.test_ospitalo_backend.TestCheckinSubmit" name="test_checkin_submit_invalid_property" time="0.150" /><testcase classname="backend.tests.test_ospitalo_backend.TestCheckinSubmit" name="test_tax_calculation_with_minor_exempt" time="1.705" /><testcase classname="backend.tests.test_ospitalo_backend.TestArchiveAndDownloads" name="test_list_checkins" time="0.138" /><testcase classname="backend.tests.test_ospitalo_backend.TestArchiveAndDownloads" name="test_get_checkin" time="0.113" /><testcase classname="backend.tests.test_ospitalo_backend.TestArchiveAndDownloads" name="test_pdf_receipt_download" time="0.117" /><testcase classname="backend.tests.test_ospitalo_backend.TestArchiveAndDownloads" name="test_ross1000_csv_download" time="0.135" /><testcase classname="backend.tests.test_ospitalo_backend.TestArchiveAndDownloads" name="test_alloggiati_ricevuta_test_mode_blocked" time="0.099" /><testcase classname="backend.tests.test_ospitalo_backend.TestLogout" name="test_delete_property" time="0.099" /><testcase classname="backend.tests.test_ospitalo_backend.TestLogout" name="test_logout_clears_session" time="0.137" /></testsuite></testsuites>